"../../../Engine/Content/Maps/Templates/Thumbnails/Default.uasset" 0
"../../../Engine/Content/Maps/Templates/Thumbnails/VR-Basic.uasset" 1
"../../../Engine/Content/MobileResources/T_MobileControls_texture.uasset" 2
"../../../Engine/Content/MobileResources/T_MobileMenu2.uasset" 3
"../../../Engine/Content/MobileResources/HUD/MobileHUDDirectionPad3.uasset" 4
"../../../Engine/Content/MobileResources/HUD/MobileHUDButton2_off.uasset" 5
"../../../Engine/Content/MobileResources/HUD/MobileHUDButton3.uasset" 6
"../../../Engine/Content/MobileResources/HUD/T_Castle_ThumbstickInner.uasset" 7
"../../../Engine/Content/MobileResources/HUD/MobileHUDDirectionStick.uasset" 8
"../../../Engine/Content/MobileResources/HUD/VirtualJoystick_Background.uasset" 9
"../../../Engine/Content/MobileResources/HUD/VirtualJoystick_Thumb.uasset" 10
"../../../Engine/Content/MobileResources/HUD/DefaultVirtualJoysticks.uasset" 11
"../../../Engine/Content/MobileResources/HUD/T_Castle_ThumbstickOutter.uasset" 12
"../../../Engine/Content/MobileResources/HUD/MobileHUDButton2_on.uasset" 13
"../../../Engine/Content/MobileResources/HUD/MobileHUDDirectionPad2.uasset" 14
"../../../Engine/Content/MobileResources/HUD/MobileHUDDirectionPad.uasset" 15
"../../../Engine/Content/MobileResources/HUD/AnalogHat.uasset" 16
"../../../Engine/Content/MobileResources/HUD/MobileHUDButton1_on.uasset" 17
"../../../Engine/Content/MobileResources/HUD/MobileHUDButtonFire.uasset" 18
"../../../Engine/Content/MobileResources/HUD/LeftVirtualJoystickOnly.uasset" 19
"../../../Engine/Content/MobileResources/HUD/MobileHUDButton1_off.uasset" 20
"../../../Engine/Content/Tutorial/ContentIntroCurve.uasset" 21
"../../../Engine/Content/Tutorial/Basics/TutorialAssets/icon_tab_Levels_40x.uasset" 22
"../../../Engine/Content/Tutorial/BlueprintTutorials/TutorialAssets/Blueprint_64x.uasset" 23
"../../../Engine/Content/EngineResources/DefaultTextureCube.uasset" 24
"../../../Engine/Content/EngineResources/DefaultTexture.uasset" 25
"../../../Engine/Content/EngineResources/Black.uasset" 26
"../../../Engine/Content/EngineResources/DefaultVolumeTexture2D.uasset" 27
"../../../Engine/Content/EngineResources/DefaultVolumeTexture.uasset" 28
"../../../Engine/Content/EngineResources/StreamingPauseIcon.uasset" 29
"../../../Engine/Content/EngineResources/M_StreamingPause.uasset" 30
"../../../Engine/Content/EngineResources/GradientTexture0.uasset" 31
"../../../Engine/Content/EditorLandscapeResources/DataLayer.uasset" 32
"../../../Engine/Content/EditorLandscapeResources/LandscapeGizmo_Mat.uasset" 33
"../../../Engine/Content/EditorLandscapeResources/LandscapeGizmo_Mat_Copied.uasset" 34
"../../../Engine/Content/EditorLandscapeResources/SplineEditorMeshMat.uasset" 35
"../../../Engine/Content/EditorLandscapeResources/SplineEditorMesh.uasset" 36
"../../../Engine/Content/EditorLandscapeResources/LandscapeGizmoHeight_Mat.uasset" 37
"../../../Engine/Content/EditorLandscapeResources/DefaultAlphaTexture.uasset" 38
"../../../Engine/Content/EditorSounds/Notifications/CompileSuccess.uasset" 39
"../../../Engine/Content/EditorSounds/Notifications/CompileSuccess_Cue.uasset" 40
"../../../Engine/Content/EditorSounds/Notifications/CompileFailed.uasset" 41
"../../../Engine/Content/EditorSounds/Notifications/CompileFailed_Cue.uasset" 42
"../../../Engine/Content/EditorSounds/Notifications/CompileStart_Cue.uasset" 43
"../../../Engine/Content/EditorMeshes/EditorCube.uasset" 44
"../../../Engine/Content/EditorMeshes/EditorPlane.uasset" 45
"../../../Engine/Content/EditorResources/MatineeCam_D.uasset" 46
"../../../Engine/Content/EditorMaterials/MatineeCam_mat.uasset" 47
"../../../Engine/Content/EditorMeshes/MatineeCam_SM.uasset" 48
"../../../Engine/Content/EditorMeshes/EditorCylinder.uasset" 49
"../../../Engine/Content/EditorMaterials/Thumbnails/SkySphereMaterial.uasset" 50
"../../../Engine/Content/EditorMeshes/EditorSkySphere.uasset" 51
"../../../Engine/Content/Functions/Engine_MaterialFunctions01/Shading/ConvertFromDiffSpec.uasset" 52
"../../../Engine/Content/EditorMaterials/GridMaterial.uasset" 53
"../../../Engine/Content/EditorMeshes/PhAT_FloorBox.uasset" 54
"../../../Engine/Content/EditorMeshes/EditorSphere.uasset" 55
"../../../Engine/Content/EditorMaterials/Camera/CineMat.uasset" 56
"../../../Engine/Content/EditorMaterials/Camera/MI_CineMat_Rig.uasset" 57
"../../../Engine/Content/EditorMeshes/Camera/SM_CraneRig_Body.uasset" 58
"../../../Engine/Content/EditorMeshes/Camera/SM_RailRig_Mount.uasset" 59
"../../../Engine/Content/EditorMaterials/Camera/MI_CineMat_CameraBody.uasset" 60
"../../../Engine/Content/EngineDebugMaterials/M_SimpleOpaque.uasset" 61
"../../../Engine/Content/EditorMaterials/Camera/MI_CineMat_CamViewFinder.uasset" 62
"../../../Engine/Content/EditorMeshes/Camera/SM_CineCam.uasset" 63
"../../../Engine/Content/EditorMeshes/Camera/SM_CraneRig_Base.uasset" 64
"../../../Engine/Content/EditorMeshes/Camera/SM_CraneRig_Mount.uasset" 65
"../../../Engine/Content/EditorMeshes/Camera/SM_CraneRig_Arm.uasset" 66
"../../../Engine/Content/EditorMeshes/Camera/SM_RailRig_Track.uasset" 67
"../../../Engine/Content/EngineFonts/Faces/RobotoTiny.uasset" 68
"../../../Engine/Content/EngineFonts/RobotoTiny.uasset" 69
"../../../Engine/Content/EngineFonts/SmallFont.uasset" 70
"../../../Engine/Content/EngineFonts/Faces/RobotoBold.uasset" 71
"../../../Engine/Content/EngineFonts/Faces/RobotoBoldItalic.uasset" 72
"../../../Engine/Content/EngineFonts/Faces/RobotoItalic.uasset" 73
"../../../Engine/Content/EngineFonts/Faces/RobotoLight.uasset" 74
"../../../Engine/Content/EngineFonts/Faces/RobotoRegular.uasset" 75
"../../../Engine/Content/EngineFonts/Roboto.uasset" 76
"../../../Engine/Content/EngineFonts/TinyFont.uasset" 77
"../../../Engine/Content/EngineDamageTypes/DmgTypeBP_Environmental.uasset" 78
"../../../Engine/Content/EditorBlueprintResources/ActorMacros.uasset" 79
"../../../Engine/Content/ArtTools/RenderToTexture/Enums/RenderToTexture_Enum.uasset" 80
"../../../Engine/Content/ArtTools/RenderToTexture/Enums/RenderToTexture_Imposter_Enum.uasset" 81
"../../../Engine/Content/ArtTools/RenderToTexture/Enums/RenderToTexture_Flipbook_Enum.uasset" 82
"../../../Engine/Content/Functions/Engine_MaterialFunctions01/Opacity/CameraDepthFade.uasset" 83
"../../../Engine/Content/EngineMaterials/T_Default_Material_Grid_M.uasset" 84
"../../../Engine/Content/EngineMaterials/T_Default_Material_Grid_N.uasset" 85
"../../../Engine/Content/EngineMaterials/WorldGridMaterial.uasset" 86
"../../../Engine/Content/ArtTools/RenderToTexture/Meshes/S_1_Unit_Plane.uasset" 87
"../../../Engine/Content/EditorBlueprintResources/StandardMacros.uasset" 88
"../../../Engine/Content/ArtTools/RenderToTexture/Enums/EIntTypes.uasset" 89
"../../../Engine/Content/ArtTools/RenderToTexture/Macros/RenderToTextureFunctionLibrary.uasset" 90
"../../../Engine/Content/ArtTools/RenderToTexture/Enums/EFloatTypes.uasset" 91
"../../../Engine/Content/ArtTools/RenderToTexture/Macros/RenderToTextureMacros.uasset" 92
"../../../Engine/Content/EngineResources/WhiteSquareTexture.uasset" 93
"../../../Engine/Content/EngineMaterials/Widget3DPassThrough.uasset" 94
"../../../Engine/Content/EngineMaterials/Widget3DPassThrough_Masked.uasset" 95
"../../../Engine/Content/EngineMaterials/WeightMapPlaceholderTexture.uasset" 96
"../../../Engine/Content/EngineMaterials/Widget3DPassThrough_Translucent.uasset" 97
"../../../Engine/Content/EngineMaterials/Widget3DPassThrough_Translucent_OneSided.uasset" 98
"../../../Engine/Content/EngineMaterials/PaperDiffuse.uasset" 99
"../../../Engine/Content/EngineMaterials/BlinkingCaret.uasset" 100
"../../../Engine/Content/EngineMaterials/EditorBrushMaterial.uasset" 101
"../../../Engine/Content/EngineMaterials/PaperNormal.uasset" 102
"../../../Engine/Content/Functions/Engine_MaterialFunctions02/WorldPositionOffset/CameraOffset.uasset" 103
"../../../Engine/Content/EngineMaterials/PhAT_JointLimitMaterial.uasset" 104
"../../../Engine/Content/EngineMaterials/DefaultNormal.uasset" 105
"../../../Engine/Content/Functions/Engine_MaterialFunctions02/Utility/BreakOutFloat2Components.uasset" 106
"../../../Engine/Content/EngineMaterials/HighResScreenshotCaptureRegion.uasset" 107
"../../../Engine/Content/EngineMaterials/LandscapeHolePhysicalMaterial.uasset" 108
"../../../Engine/Content/EngineMaterials/Widget3DPassThrough_Opaque.uasset" 109
"../../../Engine/Content/EngineMaterials/Widget3DPassThrough_Masked_OneSided.uasset" 110
"../../../Engine/Content/EngineMaterials/Good64x64TilingNoiseHighFreq.uasset" 111
"../../../Engine/Content/EngineMaterials/DefaultBloomKernel.uasset" 112
"../../../Engine/Content/EngineMaterials/HighResolutionScreenshotMaskFunction.uasset" 113
"../../../Engine/Content/EngineMaterials/HighResScreenshot.uasset" 114
"../../../Engine/Content/EngineMaterials/RemoveSurfaceMaterial.uasset" 115
"../../../Engine/Content/EngineMaterials/DefaultDiffuse.uasset" 116
"../../../Engine/Content/EngineMaterials/DefaultDeferredDecalMaterial.uasset" 117
"../../../Engine/Content/EngineMaterials/DefaultPostProcessMaterial.uasset" 118
"../../../Engine/Content/EngineMaterials/BaseFlattenDiffuseMap.uasset" 119
"../../../Engine/Content/EngineMaterials/BaseFlattenEmissiveMap.uasset" 120
"../../../Engine/Content/EngineMaterials/BaseFlattenGrayscaleMap.uasset" 121
"../../../Engine/Content/EngineMaterials/BaseFlattenNormalMap.uasset" 122
"../../../Engine/Content/EngineMaterials/BaseFlattenMaterial.uasset" 123
"../../../Engine/Content/EngineMaterials/InvalidLightmapSettings.uasset" 124
"../../../Engine/Content/EngineMaterials/M_InvalidLightmapSettings.uasset" 125
"../../../Engine/Content/EngineMaterials/HighResScreenshotMask.uasset" 126
"../../../Engine/Content/EngineFonts/RobotoDistanceField.uasset" 127
"../../../Engine/Content/EngineMaterials/DefaultTextMaterialOpaque.uasset" 128
"../../../Engine/Content/EngineMaterials/PreintegratedSkinBRDF.uasset" 129
"../../../Engine/Content/EngineMaterials/Widget3DPassThrough_Opaque_OneSided.uasset" 130
"../../../Engine/Content/EngineMaterials/PhysMat_Rubber.uasset" 131
"../../../Engine/Content/EngineMaterials/DefaultBokeh.uasset" 132
"../../../Engine/Content/EngineMaterials/DefaultLightFunctionMaterial.uasset" 133
"../../../Engine/Content/EngineMaterials/Grid_N.uasset" 134
"../../../Engine/Content/EngineDebugMaterials/DebugEditorMaterial.uasset" 135
"../../../Engine/Content/EngineDebugMaterials/VertexColorMaterial.uasset" 136
"../../../Engine/Content/EngineDebugMaterials/GeomMaterial.uasset" 137
"../../../Engine/Content/EngineDebugMaterials/WireframeMaterial.uasset" 138
"../../../Engine/Content/EngineDebugMaterials/HeatmapGradient.uasset" 139
"../../../Engine/Content/EngineDebugMaterials/BoneWeightMaterial.uasset" 140
"../../../Engine/Content/EngineDebugMaterials/VertexColorViewMode_BlueOnly.uasset" 141
"../../../Engine/Content/EngineDebugMaterials/LevelColorationLitMaterial.uasset" 142
"../../../Engine/Content/EngineDebugMaterials/VertexColorViewMode_AlphaAsColor.uasset" 143
"../../../Engine/Content/EngineDebugMaterials/VertexColorViewMode_RedOnly.uasset" 144
"../../../Engine/Content/EngineDebugMaterials/ShadedLevelColorationUnlitMateri.uasset" 145
"../../../Engine/Content/EngineDebugMaterials/ClothMaterial.uasset" 146
"../../../Engine/Content/EngineDebugMaterials/ClothMaterial_WF.uasset" 147
"../../../Engine/Content/EngineDebugMaterials/VertexColorViewMode_GreenOnly.uasset" 148
"../../../Engine/Content/EngineMaterials/DefaultWhiteGrid.uasset" 149
"../../../Engine/Content/EngineDebugMaterials/MAT_LevelColorationLitLightmapUV.uasset" 150
"../../../Engine/Content/EngineDebugMaterials/DebugMeshMaterial.uasset" 151
"../../../Engine/Content/EngineDebugMaterials/VertexColorViewMode_ColorOnly.uasset" 152
"../../../Engine/Content/EngineDebugMaterials/M_SimpleTranslucent.uasset" 153
"../../../Engine/Content/EngineDebugMaterials/LevelColorationUnlitMaterial.uasset" 154
"../../../Engine/Content/EngineDebugMaterials/ShadedLevelColorationLitMaterial.uasset" 155
"../../../Engine/Content/EditorResources/S_Emitter.uasset" 156
"../../../Engine/Content/EditorResources/S_LevelSequence.uasset" 157
"../../../Engine/Content/EditorResources/S_Thruster.uasset" 158
"../../../Engine/Content/EditorResources/S_WindDirectional.uasset" 159
"../../../Engine/Content/EditorResources/S_KBSJoint.uasset" 160
"../../../Engine/Content/EditorResources/S_ReflActorIcon.uasset" 161
"../../../Engine/Content/EditorResources/Bad.uasset" 162
"../../../Engine/Content/EditorResources/S_DecalActorIcon.uasset" 163
"../../../Engine/Content/EditorResources/SmallFont.uasset" 164
"../../../Engine/Content/EditorResources/S_Player.uasset" 165
"../../../Engine/Content/EditorResources/S_KPrismatic.uasset" 166
"../../../Engine/Content/EditorResources/S_Note.uasset" 167
"../../../Engine/Content/EditorResources/S_VectorFieldVol.uasset" 168
"../../../Engine/Content/EditorResources/S_NavP.uasset" 169
"../../../Engine/Content/EditorResources/S_KHinge.uasset" 170
"../../../Engine/Content/EditorResources/S_ExpoHeightFog.uasset" 171
"../../../Engine/Content/EditorResources/S_FTest.uasset" 172
"../../../Engine/Content/EditorResources/S_PortalActorIcon2.uasset" 173
"../../../Engine/Content/EditorResources/SceneManager.uasset" 174
"../../../Engine/Content/EditorResources/S_TextRenderActorIcon.uasset" 175
"../../../Engine/Content/EditorResources/S_RadForce.uasset" 176
"../../../Engine/Content/EditorResources/S_Terrain.uasset" 177
"../../../Engine/Content/EditorResources/S_Trigger.uasset" 178
"../../../Engine/Content/EditorResources/S_Actor.uasset" 179
"../../../Engine/Content/EditorResources/EmptyActor.uasset" 180
"../../../Engine/Content/EditorResources/BSPVertex.uasset" 181
"../../../Engine/Content/EditorResources/MatInstActSprite.uasset" 182
"../../../Engine/Content/EditorResources/SequenceRecorder/Countdown.uasset" 183
"../../../Engine/Content/EditorResources/SequenceRecorder/RecordingIndicator.uasset" 184
"../../../Engine/Content/EditorResources/AI/S_NavLink.uasset" 185
"../../../Engine/Content/EditorResources/Spline/T_Loft_Spline.uasset" 186
"../../../Engine/Content/EditorResources/LightIcons/S_LightError.uasset" 187
"../../../Engine/Content/EditorResources/LightIcons/S_LightSpot.uasset" 188
"../../../Engine/Content/EditorResources/LightIcons/S_LightSpotMove.uasset" 189
"../../../Engine/Content/EditorResources/LightIcons/SkyLight.uasset" 190
"../../../Engine/Content/EditorResources/LightIcons/S_LightPoint.uasset" 191
"../../../Engine/Content/EditorResources/LightIcons/S_LightPointMove.uasset" 192
"../../../Engine/Content/EditorResources/LightIcons/S_LightDirectional.uasset" 193
"../../../Engine/Content/EditorResources/LightIcons/S_LightDirectionalMove.uasset" 194
"../../../Engine/Content/EngineMaterials/DefaultMaterial.uasset" 195
"../../../Engine/Content/BasicShapes/Cone.uasset" 196
"../../../Engine/Content/BasicShapes/Cube.uasset" 197
"../../../Engine/Content/BasicShapes/Cylinder.uasset" 198
"../../../Engine/Content/BasicShapes/Plane.uasset" 199
"../../../Engine/Content/BasicShapes/Sphere.uasset" 200
"../../../Engine/Content/Functions/Engine_MaterialFunctions01/Texturing/ScaleUVsByCenter.uasset" 201
"../../../Engine/Content/Functions/Engine_MaterialFunctions02/ScreenResolution.uasset" 202
"../../../Engine/Content/Functions/Engine_MaterialFunctions02/Texturing/ScreenAlignedUVs.uasset" 203
"../../../Engine/Content/Functions/Engine_MaterialFunctions02/Utility/MakeFloat2.uasset" 204
"../../../Engine/Content/Functions/Engine_MaterialFunctions02/Utility/MakeFloat3.uasset" 205
"../../../Engine/Content/EngineMaterials/MiniFont.uasset" 206
"../../../Engine/Content/BufferVisualization/CustomStencil.uasset" 207
"../../../Engine/Content/BufferVisualization/LightingModel.uasset" 208
"../../../Engine/Content/BufferVisualization/SubsurfaceColor.uasset" 209
"../../../Engine/Content/BufferVisualization/WorldNormal.uasset" 210
"../../../Engine/Content/Functions/Engine_MaterialFunctions02/Utility/VectorLength.uasset" 211
"../../../Engine/Content/BufferVisualization/SceneDepthWorldUnits.uasset" 212
"../../../Engine/Content/BufferVisualization/Opacity.uasset" 213
"../../../Engine/Content/BufferVisualization/SeparateTranslucencyRGB.uasset" 214
"../../../Engine/Content/BufferVisualization/BaseColor.uasset" 215
"../../../Engine/Content/BufferVisualization/Metallic.uasset" 216
"../../../Engine/Content/BufferVisualization/MaterialAO.uasset" 217
"../../../Engine/Content/BufferVisualization/SeparateTranslucencyA.uasset" 218
"../../../Engine/Content/BufferVisualization/SceneDepth.uasset" 219
"../../../Engine/Content/BufferVisualization/Specular.uasset" 220
"../../../Engine/Content/BufferVisualization/PostTonemapHDRColor.uasset" 221
"../../../Engine/Content/BufferVisualization/SceneColor.uasset" 222
"../../../Engine/Content/BufferVisualization/PreTonemapHDRColor.uasset" 223
"../../../Engine/Content/BufferVisualization/FinalImage.uasset" 224
"../../../Engine/Content/EngineMaterials/DefaultPhysicalMaterial.uasset" 225
"../../../Engine/Content/BufferVisualization/AmbientOcclusion.uasset" 226
"../../../Engine/Content/BufferVisualization/CustomDepth.uasset" 227
"../../../Engine/Content/BufferVisualization/Roughness.uasset" 228
"../../../Engine/Content/BufferVisualization/CustomDepthWorldUnits.uasset" 229
"../../../Engine/Content/Functions/Engine_MaterialFunctions01/Shading/PowerToRoughness.uasset" 230
"../../../Engine/Content/EditorMaterials/Tick.uasset" 231
"../../../Engine/Content/EditorMaterials/Tick_Mat.uasset" 232
"../../../Engine/Content/EditorMaterials/AntialiasedGridFloor.uasset" 233
"../../../Engine/Content/EditorResources/TilePatine_D.uasset" 234
"../../../Engine/Content/EditorResources/TilePatine_N.uasset" 235
"../../../Engine/Content/EngineMaterials/Grid.uasset" 236
"../../../Engine/Content/EditorMaterials/PersonaFloorMat.uasset" 237
"../../../Engine/Content/EditorMaterials/WidgetMaterial_X.uasset" 238
"../../../Engine/Content/EditorMaterials/WidgetMaterial_Z.uasset" 239
"../../../Engine/Content/EditorMaterials/PreviewShadowIndicator.uasset" 240
"../../../Engine/Content/EditorMaterials/PreviewShadowIndicatorMaterial.uasset" 241
"../../../Engine/Content/EditorMaterials/GizmoMaterial.uasset" 242
"../../../Engine/Content/EditorMaterials/WidgetMaterial.uasset" 243
"../../../Engine/Content/EditorMaterials/PhAT_NoCollisionMaterial.uasset" 244
"../../../Engine/Content/EditorMaterials/PhAT_BoneSelectedMaterial.uasset" 245
"../../../Engine/Content/EditorMaterials/Cross.uasset" 246
"../../../Engine/Content/EditorMaterials/Cross_Mat.uasset" 247
"../../../Engine/Content/Functions/Engine_MaterialFunctions02/ExampleContent/Textures/flipbook.uasset" 248
"../../../Engine/Content/Functions/Engine_MaterialFunctions02/Texturing/FlipBook.uasset" 249
"../../../Engine/Content/Functions/Engine_MaterialFunctions02/Utility/Sign.uasset" 250
"../../../Engine/Content/Functions/Engine_MaterialFunctions02/Utility/Round.uasset" 251
"../../../Engine/Content/EditorResources/T_EditorHelp.uasset" 252
"../../../Engine/Content/EditorMaterials/HelpActorMaterial.uasset" 253
"../../../Engine/Content/EditorMaterials/WidgetMaterial_Y.uasset" 254
"../../../Engine/Content/EditorMaterials/TargetIcon.uasset" 255
"../../../Engine/Content/EditorMaterials/WidgetVertexColorMaterial.uasset" 256
"../../../Engine/Content/EditorMaterials/WidgetMaterial_Current.uasset" 257
"../../../Engine/Content/EditorMaterials/CompositeARGBLayer.uasset" 258
"../../../Engine/Content/EditorMaterials/TilingAALineIntegral.uasset" 259
"../../../Engine/Content/EditorMaterials/TilingAALineBoxFiltered.uasset" 260
"../../../Engine/Content/Functions/Engine_MaterialFunctions03/Procedurals/ComputeFilterWidth.uasset" 261
"../../../Engine/Content/EditorMaterials/TilingAADots.uasset" 262
"../../../Engine/Content/EngineMaterials/BlendFunc_DefBase.uasset" 263
"../../../Engine/Content/EngineMaterials/BlendFunc_DefBlend.uasset" 264
"../../../Engine/Content/Functions/Engine_MaterialFunctions03/Blends/Blend_Screen.uasset" 265
"../../../Engine/Content/EditorMaterials/TilingAAGrid.uasset" 266
"../../../Engine/Content/EditorMaterials/LevelGridMaterial.uasset" 267
"../../../Engine/Content/EditorMaterials/MAT_Groups_Toggle.uasset" 268
"../../../Engine/Content/EditorMaterials/PhAT_ElemSelectedMaterial.uasset" 269
"../../../Engine/Content/EditorMaterials/WidgetGridVertexColorMaterial.uasset" 270
"../../../Engine/Content/EditorMaterials/WidgetGridVertexColorMaterial_Ma.uasset" 271
"../../../Engine/Content/EditorMaterials/PhAT_UnselectedMaterial.uasset" 272
"../../../Engine/Content/EditorMaterials/MAT_Groups_Visibility.uasset" 273
"../../../Engine/Content/EditorMaterials/MakeCompositeARGBLayer.uasset" 274
"../../../Engine/Content/EditorResources/LevelGrid1DStripes.uasset" 275
"../../../Engine/Content/EditorMaterials/TextureGridCascaded1D.uasset" 276
"../../../Engine/Content/EditorMaterials/TextureGridCascaded2D.uasset" 277
"../../../Engine/Content/EditorMaterials/LevelGridMaterial2.uasset" 278
"../../../Engine/Content/EditorMaterials/ParticleSystems/PSysThumbnail_NoImage.uasset" 279
"../../../Engine/Content/EditorMaterials/ParticleSystems/PSysThumbnail_OOD.uasset" 280
"../../../Engine/Content/EditorMaterials/MatineeGroups/MAT_Groups_Vector.uasset" 281
"../../../Engine/Content/EditorMaterials/MatineeGroups/MAT_ColorTrack.uasset" 282
"../../../Engine/Content/EditorMaterials/MatineeGroups/MAT_Groups_AudioMaster.uasset" 283
"../../../Engine/Content/EditorMaterials/MatineeGroups/MAT_Groups_Sound.uasset" 284
"../../../Engine/Content/EditorMaterials/MatineeGroups/MAT_Groups_Float.uasset" 285
"../../../Engine/Content/EditorMaterials/MatineeGroups/MAT_Groups_Director.uasset" 286
"../../../Engine/Content/EditorMaterials/MatineeGroups/MAT_Groups_Move.uasset" 287
"../../../Engine/Content/EditorMaterials/MatineeGroups/MAT_Groups_Event.uasset" 288
"../../../Engine/Content/EditorMaterials/MatineeGroups/MAT_Groups_Fade.uasset" 289
"../../../Engine/Content/EditorMaterials/MatineeGroups/MAT_Groups_Anim.uasset" 290
"../../../Engine/Content/EditorMaterials/MatineeGroups/MAT_Groups_Slomo.uasset" 291
"../../../Engine/Content/EditorMaterials/Thumbnails/FloorPlaneMaterial.uasset" 292
"../../../Engine/Content/EngineSounds/Master.uasset" 293
"../../../Engine/Content/EngineMeshes/Cylinder.uasset" 294
"../../../Engine/Content/EngineMeshes/Sphere.uasset" 295
"../../../Engine/Content/VREditor/LaserPointer/VR_LaserPower_01.uasset" 296
"../../../Engine/Content/VREditor/TransformGizmo/TransformGizmoMaterial.uasset" 297
"../../../Engine/Content/VREditor/TransformGizmo/TranslucentTransformGizmoMaterial.uasset" 298
"../../../Engine/Content/VREditor/TransformGizmo/PlaneTranslationHandle.uasset" 299
"../../../Engine/Content/VREditor/TransformGizmo/Main.uasset" 300
"../../../Engine/Content/VREditor/TransformGizmo/Xray.uasset" 301
"../../../Engine/Content/VREditor/TransformGizmo/SM_Sequencer_Key.uasset" 302
"../../../Engine/Content/VREditor/TransformGizmo/BoundingBoxCorner.uasset" 303
"../../../Engine/Content/VREditor/TransformGizmo/SM_Sequencer_Node.uasset" 304
"../../../Engine/Content/VREditor/TransformGizmo/BoundingBoxEdge.uasset" 305
"../../../Engine/Content/MapTemplates/Sky/DaylightAmbientCubemap.uasset" 306
"../../../../escape/TheOfficeEscape/Content/FreeFurniturePack/Textures/T_Classic_Commode_A.uasset" 307
"../../../../escape/TheOfficeEscape/Content/FreeFurniturePack/Textures/T_Classic_Commode_M_R_AO.uasset" 308
"../../../../escape/TheOfficeEscape/Content/FreeFurniturePack/Textures/T_Classic_Commode_N.uasset" 309
"../../../../escape/TheOfficeEscape/Content/FreeFurniturePack/Materials/M_Classic_Commode.uasset" 310
"../../../../escape/TheOfficeEscape/Content/FreeFurniturePack/Textures/T_Classic_Cupboard_A.uasset" 311
"../../../../escape/TheOfficeEscape/Content/FreeFurniturePack/Textures/T_Classic_Cupboard_M_R_AO.uasset" 312
"../../../../escape/TheOfficeEscape/Content/FreeFurniturePack/Textures/T_Classic_Cupboard_N.uasset" 313
"../../../../escape/TheOfficeEscape/Content/FreeFurniturePack/Materials/M_Classic_Cupboard.uasset" 314
"../../../../escape/TheOfficeEscape/Content/FreeFurniturePack/Meshes/SM_Classic_Cupboard_Door_Left.uasset" 315
"../../../../escape/TheOfficeEscape/Content/Sound/476897__erokia__ambient-wave-42.uasset" 316
"../../../../escape/TheOfficeEscape/Content/Movable_Dresser_Door_BP.uasset" 317
"../../../../escape/TheOfficeEscape/Content/FreeFurniturePack/Textures/T_Art_1.uasset" 318
"../../../../escape/TheOfficeEscape/Content/FreeFurniturePack/Materials/M_Picture.uasset" 319
"../../../../escape/TheOfficeEscape/Content/FreeFurniturePack/Materials/M_Picture_frame.uasset" 320
"../../../../escape/TheOfficeEscape/Content/FreeFurniturePack/Meshes/SM_Picture.uasset" 321
"../../../../escape/TheOfficeEscape/Content/StarterContent/Audio/Light01.uasset" 322
"../../../../escape/TheOfficeEscape/Content/Movable_Picture_BP.uasset" 323
"../../../../escape/TheOfficeEscape/Content/activateTriggerVolume.uasset" 324
"../../../../escape/TheOfficeEscape/Content/FreeFurniturePack/Meshes/SM_Classic_Commode_Drawer_2.uasset" 325
"../../../../escape/TheOfficeEscape/Content/Openable_Drawer_BP.uasset" 326
"../../../../escape/TheOfficeEscape/Content/StarterContent/Materials/M_Basic_Wall.uasset" 327
"../../../../escape/TheOfficeEscape/Content/Geometry/Meshes/CubeMaterial.uasset" 328
"../../../../escape/TheOfficeEscape/Content/Geometry/Meshes/1M_Cube.uasset" 329
"../../../../escape/TheOfficeEscape/Content/Sound/light_switch.uasset" 330
"../../../../escape/TheOfficeEscape/Content/StarterContent/Shapes/Shape_Wedge_B.uasset" 331
"../../../../escape/TheOfficeEscape/Content/WallSwitch_BP.uasset" 332
"../../../../escape/TheOfficeEscape/Content/DefaultPawn_BP.uasset" 333
"../../../../escape/TheOfficeEscape/Content/MyTheOfficeEscapeGameModeBase_BP.uasset" 334
"../../Plugins/Enterprise/DatasmithContent/Content/Blueprints/FBXImporter/ArrayOfActor.uasset" 335
"../../Plugins/Enterprise/DatasmithContent/Content/Blueprints/FBXImporter/ArrayOfSwitch.uasset" 336
"../../Plugins/Enterprise/DatasmithContent/Content/Blueprints/FBXImporter/BP_SceneNode.uasset" 337
"../../Plugins/Enterprise/DatasmithContent/Content/Blueprints/FBXImporter/BP_Switch.uasset" 338
"../../Plugins/Enterprise/DatasmithContent/Content/Blueprints/FBXImporter/BP_SceneRoot.uasset" 339
"../../Plugins/Enterprise/DatasmithContent/Content/Blueprints/FBXImporter/FBXImporterUtils.uasset" 340
"../../Plugins/Enterprise/DatasmithContent/Content/Blueprints/FBXImporter/Variants/VREDVariantSwitchType.uasset" 341
"../../Plugins/Enterprise/DatasmithContent/Content/Blueprints/FBXImporter/Variants/VREDVariantType.uasset" 342
"../../Plugins/Enterprise/DatasmithContent/Content/Blueprints/FBXImporter/Variants/VariantSwitchType.uasset" 343
"../../Plugins/Enterprise/DatasmithContent/Content/Blueprints/FBXImporter/Animation/VREDAnimationTrackComponent.uasset" 344
"../../Plugins/Enterprise/DatasmithContent/Content/Blueprints/FBXImporter/Animation/VREDAnimCurveComponent.uasset" 345
"../../Plugins/Enterprise/DatasmithContent/Content/Blueprints/FBXImporter/Animation/DeltaGenAnimationTrackType.uasset" 346
"../../Plugins/Enterprise/DatasmithContent/Content/Blueprints/FBXImporter/Animation/VREDAnimCurveType.uasset" 347
"../../Plugins/Enterprise/DatasmithContent/Content/Blueprints/FBXImporter/Animation/VREDAnimationTrackType.uasset" 348
"../../Plugins/2D/Paper2D/Content/DefaultSpriteMaterial.uasset" 349
"../../Plugins/2D/Paper2D/Content/OpaqueUnlitSpriteMaterial.uasset" 350
"../../Plugins/2D/Paper2D/Content/PlaceholderTextures/DummySpriteTexture.uasset" 351
"../../Plugins/2D/Paper2D/Content/DummySprite.uasset" 352
"../../Plugins/2D/Paper2D/Content/DefaultPaperTerrainMaterial.uasset" 353
"../../Plugins/2D/Paper2D/Content/MaskedUnlitSpriteMaterial.uasset" 354
"../../../Engine/Content/Maps/Entry_BuiltData.uasset" 355
"../../../Engine/Content/Maps/Entry.umap" 356
"../../../Engine/Content/EngineSky/C_Sky_Cloud_Color.uasset" 357
"../../../Engine/Content/EngineSky/C_Sky_Horizon_Color.uasset" 358
"../../../Engine/Content/EngineSky/C_Sky_Zenith_Color.uasset" 359
"../../../Engine/Content/EngineSky/T_Sky_Blue.uasset" 360
"../../../Engine/Content/EngineSky/T_Sky_Clouds_M.uasset" 361
"../../../Engine/Content/EngineSky/T_Sky_Stars.uasset" 362
"../../../Engine/Content/EngineSky/M_Sky_Panning_Clouds2.uasset" 363
"../../../Engine/Content/EngineSky/SM_SkySphere.uasset" 364
"../../../Engine/Content/EngineSky/BP_Sky_Sphere.uasset" 365
"../../../../escape/TheOfficeEscape/Content/FreeFurniturePack/Meshes/SM_Classic_Cupboard_Door_Right.uasset" 366
"../../../../escape/TheOfficeEscape/Content/Movable_Dresser_Door_Right_BP.uasset" 367
"../../../../escape/TheOfficeEscape/Content/Sound/door-lock.uasset" 368
"../../../../escape/TheOfficeEscape/Content/StarterContent/Materials/M_Glass.uasset" 369
"../../../../escape/TheOfficeEscape/Content/StarterContent/Textures/T_Door_M.uasset" 370
"../../../../escape/TheOfficeEscape/Content/StarterContent/Textures/T_Door_N.uasset" 371
"../../../../escape/TheOfficeEscape/Content/StarterContent/Props/Materials/M_Door.uasset" 372
"../../../../escape/TheOfficeEscape/Content/StarterContent/Props/SM_Door.uasset" 373
"../../../../escape/TheOfficeEscape/Content/Openable_Door_BP.uasset" 374
"../../../../escape/TheOfficeEscape/Content/NewMap_BuiltData.uasset" 375
"../../../Engine/Content/Functions/Engine_MaterialFunctions01/Texturing/DetailTexturing.uasset" 376
"../../../../escape/TheOfficeEscape/Content/FreeFurniturePack/Textures/T_NormalPlaceHolder.uasset" 377
"../../../../escape/TheOfficeEscape/Content/FreeFurniturePack/Textures/T_Wood_A.uasset" 378
"../../../../escape/TheOfficeEscape/Content/FreeFurniturePack/Textures/T_Wood_N.uasset" 379
"../../../../escape/TheOfficeEscape/Content/FreeFurniturePack/Textures/T_Wood_R.uasset" 380
"../../../../escape/TheOfficeEscape/Content/FreeFurniturePack/Materials/M_Commode.uasset" 381
"../../../../escape/TheOfficeEscape/Content/FreeFurniturePack/Materials/M_Modern_Table_top.uasset" 382
"../../../../escape/TheOfficeEscape/Content/StarterContent/Textures/T_MacroVariation.uasset" 383
"../../../../escape/TheOfficeEscape/Content/StarterContent/Textures/T_Perlin_Noise_M.uasset" 384
"../../../../escape/TheOfficeEscape/Content/StarterContent/Textures/T_Wood_Pine_D.uasset" 385
"../../../../escape/TheOfficeEscape/Content/StarterContent/Textures/T_Wood_Pine_N.uasset" 386
"../../../../escape/TheOfficeEscape/Content/StarterContent/Materials/M_Wood_Pine.uasset" 387
"../../../../escape/TheOfficeEscape/Content/StarterContent/Props/Materials/M_MaterialSphere_Plain.uasset" 388
"../../../Engine/Content/MapTemplates/SM_Template_Map_Floor.uasset" 389
"../../../../escape/TheOfficeEscape/Content/StarterContent/Textures/T_Statue_M.uasset" 390
"../../../../escape/TheOfficeEscape/Content/StarterContent/Textures/T_Statue_N.uasset" 391
"../../../../escape/TheOfficeEscape/Content/StarterContent/Props/Materials/M_Statue.uasset" 392
"../../../../escape/TheOfficeEscape/Content/StarterContent/Props/Materials/M_StatueGlass.uasset" 393
"../../../../escape/TheOfficeEscape/Content/FreeFurniturePack/Textures/T_WhitePlaceHolder.uasset" 394
"../../../../escape/TheOfficeEscape/Content/FreeFurniturePack/Materials/MM_Tables_and_Chairs.uasset" 395
"../../../../escape/TheOfficeEscape/Content/FreeFurniturePack/Textures/T_Bed_Table_Mask.uasset" 396
"../../../../escape/TheOfficeEscape/Content/FreeFurniturePack/Materials/MI_Modern_Bed_Table.uasset" 397
"../../../../escape/TheOfficeEscape/Content/Dundie_and_Table.uasset" 398
"../../../../escape/TheOfficeEscape/Content/FreeFurniturePack/Materials/M_Bed_Lamp_3.uasset" 399
"../../../../escape/TheOfficeEscape/Content/FreeFurniturePack/Materials/M_Bed_Lamp_Glowing_Part.uasset" 400
"../../../../escape/TheOfficeEscape/Content/FreeFurniturePack/Materials/M_Metall.uasset" 401
"../../../../escape/TheOfficeEscape/Content/FreeFurniturePack/Meshes/SM_Bed_lamp_3.uasset" 402
"../../../../escape/TheOfficeEscape/Content/FreeFurniturePack/Meshes/SM_Bed_Table.uasset" 403
"../../../../escape/TheOfficeEscape/Content/FreeFurniturePack/Meshes/SM_Classic_Commode.uasset" 404
"../../../../escape/TheOfficeEscape/Content/FreeFurniturePack/Meshes/SM_Classic_Commode_2.uasset" 405
"../../../../escape/TheOfficeEscape/Content/FreeFurniturePack/Meshes/SM_Classic_Commode_Drawer_1.uasset" 406
"../../../../escape/TheOfficeEscape/Content/FreeFurniturePack/Meshes/SM_Classic_Cupboard.uasset" 407
"../../../../escape/TheOfficeEscape/Content/FreeFurniturePack/Textures/T_Classic_Leather_Armchair_a.uasset" 408
"../../../../escape/TheOfficeEscape/Content/FreeFurniturePack/Textures/T_Classic_Leather_Armchair_n.uasset" 409
"../../../../escape/TheOfficeEscape/Content/FreeFurniturePack/Textures/T_Leather_armchair_m_r_ao.uasset" 410
"../../../../escape/TheOfficeEscape/Content/FreeFurniturePack/Textures/T_Leather_N.uasset" 411
"../../../../escape/TheOfficeEscape/Content/FreeFurniturePack/Materials/M_Classic_Leather_armchair.uasset" 412
"../../../../escape/TheOfficeEscape/Content/FreeFurniturePack/Meshes/SM_Classic_Leather_Armchair.uasset" 413
"../../../../escape/TheOfficeEscape/Content/FreeFurniturePack/Textures/T_Classic_Leather_sofa_a.uasset" 414
"../../../../escape/TheOfficeEscape/Content/FreeFurniturePack/Textures/T_Classic_Leather_sofa_m_r_ao.uasset" 415
"../../../../escape/TheOfficeEscape/Content/FreeFurniturePack/Textures/T_Classic_Leather_sofa_n.uasset" 416
"../../../../escape/TheOfficeEscape/Content/FreeFurniturePack/Materials/M_Classic_Leather_sofa.uasset" 417
"../../../../escape/TheOfficeEscape/Content/FreeFurniturePack/Meshes/SM_Classic_Leather_Sofa.uasset" 418
"../../../../escape/TheOfficeEscape/Content/FreeFurniturePack/Textures/T_Art_2.uasset" 419
"../../../../escape/TheOfficeEscape/Content/FreeFurniturePack/Materials/M_Art_2.uasset" 420
"../../../../escape/TheOfficeEscape/Content/FreeFurniturePack/Textures/T_Classic_Picture_A.uasset" 421
"../../../../escape/TheOfficeEscape/Content/FreeFurniturePack/Textures/T_Classic_Picture_M_R_AO.uasset" 422
"../../../../escape/TheOfficeEscape/Content/FreeFurniturePack/Textures/T_Classic_Picture_n.uasset" 423
"../../../../escape/TheOfficeEscape/Content/FreeFurniturePack/Materials/M_Classic_Picture.uasset" 424
"../../../../escape/TheOfficeEscape/Content/FreeFurniturePack/Meshes/SM_Classic_Picture.uasset" 425
"../../../../escape/TheOfficeEscape/Content/FreeFurniturePack/Textures/T_Round_table_a.uasset" 426
"../../../../escape/TheOfficeEscape/Content/FreeFurniturePack/Textures/T_Round_table_m_r_ao.uasset" 427
"../../../../escape/TheOfficeEscape/Content/FreeFurniturePack/Textures/T_Round_table_n.uasset" 428
"../../../../escape/TheOfficeEscape/Content/FreeFurniturePack/Materials/M_Round_table.uasset" 429
"../../../../escape/TheOfficeEscape/Content/FreeFurniturePack/Meshes/SM_Classic_Round_Table.uasset" 430
"../../../../escape/TheOfficeEscape/Content/FreeFurniturePack/Materials/M_Chrome.uasset" 431
"../../../../escape/TheOfficeEscape/Content/FreeFurniturePack/Meshes/SM_Commode.uasset" 432
"../../../../escape/TheOfficeEscape/Content/FreeFurniturePack/Textures/T_Fabric_A.uasset" 433
"../../../../escape/TheOfficeEscape/Content/FreeFurniturePack/Textures/T_Fabric_N.uasset" 434
"../../../../escape/TheOfficeEscape/Content/FreeFurniturePack/Textures/T_Modern_Chair_1_AO.uasset" 435
"../../../../escape/TheOfficeEscape/Content/FreeFurniturePack/Textures/T_Modern_Chair_1_mask.uasset" 436
"../../../../escape/TheOfficeEscape/Content/FreeFurniturePack/Textures/T_Modern_Chair_1_N.uasset" 437
"../../../../escape/TheOfficeEscape/Content/FreeFurniturePack/Materials/MI_Modern_Chair_1.uasset" 438
"../../../../escape/TheOfficeEscape/Content/FreeFurniturePack/Meshes/SM_Modern_Chair_1.uasset" 439
"../../../../escape/TheOfficeEscape/Content/FreeFurniturePack/Textures/T_Office_Chair_M.uasset" 440
"../../../../escape/TheOfficeEscape/Content/FreeFurniturePack/Textures/T_Office_Chair_M_R_AO.uasset" 441
"../../../../escape/TheOfficeEscape/Content/FreeFurniturePack/Textures/T_Office_Chair_N.uasset" 442
"../../../../escape/TheOfficeEscape/Content/FreeFurniturePack/Materials/M_Office_Chair.uasset" 443
"../../../../escape/TheOfficeEscape/Content/FreeFurniturePack/Meshes/SM_Modern_Office_chair.uasset" 444
"../../../../escape/TheOfficeEscape/Content/FreeFurniturePack/Materials/M_Modern_Table_bottom.uasset" 445
"../../../../escape/TheOfficeEscape/Content/FreeFurniturePack/Meshes/SM_Modern_Table.uasset" 446
"../../../../escape/TheOfficeEscape/Content/FreeFurniturePack/Textures/T_Old_Chair_a.uasset" 447
"../../../../escape/TheOfficeEscape/Content/FreeFurniturePack/Textures/T_Old_Chair_m_r_ao.uasset" 448
"../../../../escape/TheOfficeEscape/Content/FreeFurniturePack/Textures/T_Old_Chair_N.uasset" 449
"../../../../escape/TheOfficeEscape/Content/FreeFurniturePack/Materials/M_Old_Chair.uasset" 450
"../../../../escape/TheOfficeEscape/Content/FreeFurniturePack/Meshes/SM_Old_Chair.uasset" 451
"../../../../escape/TheOfficeEscape/Content/FreeFurniturePack/Textures/T_Old_Table_a.uasset" 452
"../../../../escape/TheOfficeEscape/Content/FreeFurniturePack/Textures/T_Old_table_m_r_ao.uasset" 453
"../../../../escape/TheOfficeEscape/Content/FreeFurniturePack/Textures/T_Old_Table_n.uasset" 454
"../../../../escape/TheOfficeEscape/Content/FreeFurniturePack/Materials/M_Old_Table.uasset" 455
"../../../../escape/TheOfficeEscape/Content/FreeFurniturePack/Meshes/SM_Old_Table.uasset" 456
"../../../../escape/TheOfficeEscape/Content/FreeFurniturePack/Textures/T_Table_Lamp_A.uasset" 457
"../../../../escape/TheOfficeEscape/Content/FreeFurniturePack/Textures/T_Table_Lamp_M_R_AO.uasset" 458
"../../../../escape/TheOfficeEscape/Content/FreeFurniturePack/Textures/T_Table_Lamp_N.uasset" 459
"../../../../escape/TheOfficeEscape/Content/FreeFurniturePack/Materials/T_Table_Lamp.uasset" 460
"../../../../escape/TheOfficeEscape/Content/FreeFurniturePack/Meshes/SM_Table_Lamp.uasset" 461
"../../../../escape/TheOfficeEscape/Content/FreeFurniturePack/Textures/T_TV_M.uasset" 462
"../../../../escape/TheOfficeEscape/Content/FreeFurniturePack/Materials/M_TV.uasset" 463
"../../../../escape/TheOfficeEscape/Content/FreeFurniturePack/Meshes/SM_TV.uasset" 464
"../../../../escape/TheOfficeEscape/Content/StarterContent/Architecture/Wall_400x300.uasset" 465
"../../../../escape/TheOfficeEscape/Content/StarterContent/Architecture/Wall_Door_400x300.uasset" 466
"../../../../escape/TheOfficeEscape/Content/StarterContent/Textures/T_Frame_M.uasset" 467
"../../../../escape/TheOfficeEscape/Content/StarterContent/Textures/T_Frame_N.uasset" 468
"../../../../escape/TheOfficeEscape/Content/StarterContent/Props/Materials/M_Frame.uasset" 469
"../../../../escape/TheOfficeEscape/Content/StarterContent/Props/SM_DoorFrame.uasset" 470
"../../../../escape/TheOfficeEscape/Content/StarterContent/Textures/T_Lamp_M.uasset" 471
"../../../../escape/TheOfficeEscape/Content/StarterContent/Textures/T_Lamp_N.uasset" 472
"../../../../escape/TheOfficeEscape/Content/StarterContent/Props/Materials/M_Lamp.uasset" 473
"../../../../escape/TheOfficeEscape/Content/StarterContent/Props/SM_Lamp_Ceiling.uasset" 474
"../../../../escape/TheOfficeEscape/Content/StarterContent/Props/SM_Statue.uasset" 475
"../../../../escape/TheOfficeEscape/Content/StarterContent/Shapes/Shape_Cube.uasset" 476
"../../../../escape/TheOfficeEscape/Content/NewMap.umap" 477
